  [1m[35m (0.2ms)[0m  [1m[34mSELECT sqlite_version(*)[0m
  ↳ bin/rails:9
  [1m[35m (27.2ms)[0m  [1m[35mCREATE TABLE "schema_migrations" ("version" varchar NOT NULL PRIMARY KEY)[0m
  ↳ bin/rails:9
  [1m[35m (7.8ms)[0m  [1m[35mCREATE TABLE "ar_internal_metadata" ("key" varchar NOT NULL PRIMARY KEY, "value" varchar, "created_at" datetime NOT NULL, "updated_at" datetime NOT NULL)[0m
  ↳ bin/rails:9
  [1m[35m (0.2ms)[0m  [1m[34mSELECT "schema_migrations"."version" FROM "schema_migrations" ORDER BY "schema_migrations"."version" ASC[0m
  ↳ bin/rails:9
Migrating to CreateBooks (20211020213430)
  [1m[35m (0.2ms)[0m  [1m[36mbegin transaction[0m
  ↳ bin/rails:9
  [1m[35m (1.0ms)[0m  [1m[35mCREATE TABLE "books" ("id" integer PRIMARY KEY AUTOINCREMENT NOT NULL, "title" text, "published" text, "genre" text, "language" text, "image" text, "created_at" datetime NOT NULL, "updated_at" datetime NOT NULL)[0m
  ↳ db/migrate/20211020213430_create_books.rb:3
  [1m[36mActiveRecord::SchemaMigration Create (0.4ms)[0m  [1m[32mINSERT INTO "schema_migrations" ("version") VALUES (?)[0m  [["version", "20211020213430"]]
  ↳ bin/rails:9
  [1m[35m (17.2ms)[0m  [1m[36mcommit transaction[0m
  ↳ bin/rails:9
  [1m[36mActiveRecord::InternalMetadata Load (0.3ms)[0m  [1m[34mSELECT  "ar_internal_metadata".* FROM "ar_internal_metadata" WHERE "ar_internal_metadata"."key" = ? LIMIT ?[0m  [["key", "environment"], ["LIMIT", 1]]
  ↳ bin/rails:9
  [1m[35m (0.1ms)[0m  [1m[36mbegin transaction[0m
  ↳ bin/rails:9
  [1m[36mActiveRecord::InternalMetadata Create (1.3ms)[0m  [1m[32mINSERT INTO "ar_internal_metadata" ("key", "value", "created_at", "updated_at") VALUES (?, ?, ?, ?)[0m  [["key", "environment"], ["value", "development"], ["created_at", "2021-10-20 21:36:40.062134"], ["updated_at", "2021-10-20 21:36:40.062134"]]
  ↳ bin/rails:9
  [1m[35m (3.7ms)[0m  [1m[36mcommit transaction[0m
  ↳ bin/rails:9
  [1m[35m (0.3ms)[0m  [1m[34mSELECT "schema_migrations"."version" FROM "schema_migrations" ORDER BY "schema_migrations"."version" ASC[0m
  ↳ bin/rails:9
  [1m[35m (0.2ms)[0m  [1m[34mSELECT "schema_migrations"."version" FROM "schema_migrations" ORDER BY "schema_migrations"."version" ASC[0m
  ↳ bin/rails:9
  [1m[36mBook Load (0.2ms)[0m  [1m[34mSELECT "books".* FROM "books"[0m
  ↳ db/seeds.rb:11
  [1m[35m (0.1ms)[0m  [1m[36mbegin transaction[0m
  ↳ db/seeds.rb:13
  [1m[36mBook Create (0.9ms)[0m  [1m[32mINSERT INTO "books" ("title", "published", "genre", "language", "image", "created_at", "updated_at") VALUES (?, ?, ?, ?, ?, ?, ?)[0m  [["title", "Harry Potter and The Philosopher Stone"], ["published", "1997"], ["genre", "fantasy"], ["language", "English"], ["image", "https://vignette3.wikia.nocookie.net/harrypotter/images/7/7b/Harry01english.jpg/revision/latest/scale-to-width-down/333?cb=20150208225304"], ["created_at", "2021-10-20 21:39:43.166365"], ["updated_at", "2021-10-20 21:39:43.166365"]]
  ↳ db/seeds.rb:13
  [1m[35m (1.4ms)[0m  [1m[36mcommit transaction[0m
  ↳ db/seeds.rb:13
  [1m[35m (0.1ms)[0m  [1m[36mbegin transaction[0m
  ↳ db/seeds.rb:22
  [1m[36mBook Create (0.6ms)[0m  [1m[32mINSERT INTO "books" ("title", "published", "genre", "language", "image", "created_at", "updated_at") VALUES (?, ?, ?, ?, ?, ?, ?)[0m  [["title", "Rich Dad Poor Dad"], ["published", "1997"], ["genre", "finance"], ["language", "English"], ["image", "https://encrypted-tbn0.gstatic.com/images?q=tbn:ANd9GcSva0xKR1lixSZ05L81SPz4eLiJOAHFSgUxLg&usqp=CAU"], ["created_at", "2021-10-20 21:39:43.172314"], ["updated_at", "2021-10-20 21:39:43.172314"]]
  ↳ db/seeds.rb:22
  [1m[35m (4.2ms)[0m  [1m[36mcommit transaction[0m
  ↳ db/seeds.rb:22
  [1m[35m (0.1ms)[0m  [1m[36mbegin transaction[0m
  ↳ db/seeds.rb:30
  [1m[36mBook Create (0.8ms)[0m  [1m[32mINSERT INTO "books" ("title", "published", "genre", "language", "image", "created_at", "updated_at") VALUES (?, ?, ?, ?, ?, ?, ?)[0m  [["title", "The client"], ["published", "1993"], ["genre", "legal"], ["language", "English"], ["image", "https://encrypted-tbn0.gstatic.com/images?q=tbn:ANd9GcTr19OE6pB8PwlqIeR4u46tAKrMvn_otOOjEQ&usqp=CAU"], ["created_at", "2021-10-20 21:39:43.181230"], ["updated_at", "2021-10-20 21:39:43.181230"]]
  ↳ db/seeds.rb:30
  [1m[35m (1.5ms)[0m  [1m[36mcommit transaction[0m
  ↳ db/seeds.rb:30
  [1m[35m (0.3ms)[0m  [1m[34mSELECT COUNT(*) FROM "books"[0m
  ↳ db/seeds.rb:39
Started GET "/info/rails/routes" for 127.0.0.1 at 2021-10-21 08:43:19 +1100
  [1m[35m (0.3ms)[0m  [1m[34mSELECT "schema_migrations"."version" FROM "schema_migrations" ORDER BY "schema_migrations"."version" ASC[0m
  ↳ /Users/goutham/.rvm/gems/ruby-2.7.4/gems/activerecord-5.2.6/lib/active_record/log_subscriber.rb:98
  
ActionController::RoutingError (No route matches [GET] "/info/rails/routes"):
  
actionpack (5.2.6) lib/action_dispatch/middleware/debug_exceptions.rb:65:in `call'
web-console (3.7.0) lib/web_console/middleware.rb:135:in `call_app'
web-console (3.7.0) lib/web_console/middleware.rb:30:in `block in call'
web-console (3.7.0) lib/web_console/middleware.rb:20:in `catch'
web-console (3.7.0) lib/web_console/middleware.rb:20:in `call'
actionpack (5.2.6) lib/action_dispatch/middleware/show_exceptions.rb:33:in `call'
railties (5.2.6) lib/rails/rack/logger.rb:38:in `call_app'
railties (5.2.6) lib/rails/rack/logger.rb:26:in `block in call'
activesupport (5.2.6) lib/active_support/tagged_logging.rb:71:in `block in tagged'
activesupport (5.2.6) lib/active_support/tagged_logging.rb:28:in `tagged'
activesupport (5.2.6) lib/active_support/tagged_logging.rb:71:in `tagged'
railties (5.2.6) lib/rails/rack/logger.rb:26:in `call'
sprockets-rails (3.2.2) lib/sprockets/rails/quiet_assets.rb:13:in `call'
actionpack (5.2.6) lib/action_dispatch/middleware/remote_ip.rb:81:in `call'
actionpack (5.2.6) lib/action_dispatch/middleware/request_id.rb:27:in `call'
rack (2.2.3) lib/rack/method_override.rb:24:in `call'
rack (2.2.3) lib/rack/runtime.rb:22:in `call'
activesupport (5.2.6) lib/active_support/cache/strategy/local_cache_middleware.rb:29:in `call'
actionpack (5.2.6) lib/action_dispatch/middleware/executor.rb:14:in `call'
actionpack (5.2.6) lib/action_dispatch/middleware/static.rb:127:in `call'
rack (2.2.3) lib/rack/sendfile.rb:110:in `call'
railties (5.2.6) lib/rails/engine.rb:524:in `call'
puma (3.12.6) lib/puma/configuration.rb:227:in `call'
puma (3.12.6) lib/puma/server.rb:706:in `handle_request'
puma (3.12.6) lib/puma/server.rb:476:in `process_client'
puma (3.12.6) lib/puma/server.rb:334:in `block in run'
puma (3.12.6) lib/puma/thread_pool.rb:135:in `block in spawn_thread'
Started GET "/info/rails/routes" for 127.0.0.1 at 2021-10-21 08:43:32 +1100
  
ActionController::RoutingError (No route matches [GET] "/info/rails/routes"):
  
actionpack (5.2.6) lib/action_dispatch/middleware/debug_exceptions.rb:65:in `call'
web-console (3.7.0) lib/web_console/middleware.rb:135:in `call_app'
web-console (3.7.0) lib/web_console/middleware.rb:30:in `block in call'
web-console (3.7.0) lib/web_console/middleware.rb:20:in `catch'
web-console (3.7.0) lib/web_console/middleware.rb:20:in `call'
actionpack (5.2.6) lib/action_dispatch/middleware/show_exceptions.rb:33:in `call'
railties (5.2.6) lib/rails/rack/logger.rb:38:in `call_app'
railties (5.2.6) lib/rails/rack/logger.rb:26:in `block in call'
activesupport (5.2.6) lib/active_support/tagged_logging.rb:71:in `block in tagged'
activesupport (5.2.6) lib/active_support/tagged_logging.rb:28:in `tagged'
activesupport (5.2.6) lib/active_support/tagged_logging.rb:71:in `tagged'
railties (5.2.6) lib/rails/rack/logger.rb:26:in `call'
sprockets-rails (3.2.2) lib/sprockets/rails/quiet_assets.rb:13:in `call'
actionpack (5.2.6) lib/action_dispatch/middleware/remote_ip.rb:81:in `call'
actionpack (5.2.6) lib/action_dispatch/middleware/request_id.rb:27:in `call'
rack (2.2.3) lib/rack/method_override.rb:24:in `call'
rack (2.2.3) lib/rack/runtime.rb:22:in `call'
activesupport (5.2.6) lib/active_support/cache/strategy/local_cache_middleware.rb:29:in `call'
actionpack (5.2.6) lib/action_dispatch/middleware/executor.rb:14:in `call'
actionpack (5.2.6) lib/action_dispatch/middleware/static.rb:127:in `call'
rack (2.2.3) lib/rack/sendfile.rb:110:in `call'
railties (5.2.6) lib/rails/engine.rb:524:in `call'
puma (3.12.6) lib/puma/configuration.rb:227:in `call'
puma (3.12.6) lib/puma/server.rb:706:in `handle_request'
puma (3.12.6) lib/puma/server.rb:476:in `process_client'
puma (3.12.6) lib/puma/server.rb:334:in `block in run'
puma (3.12.6) lib/puma/thread_pool.rb:135:in `block in spawn_thread'
Started GET "/info/rails/routes" for 127.0.0.1 at 2021-10-21 08:44:49 +1100
  
ActionController::RoutingError (No route matches [GET] "/info/rails/routes"):
  
actionpack (5.2.6) lib/action_dispatch/middleware/debug_exceptions.rb:65:in `call'
web-console (3.7.0) lib/web_console/middleware.rb:135:in `call_app'
web-console (3.7.0) lib/web_console/middleware.rb:30:in `block in call'
web-console (3.7.0) lib/web_console/middleware.rb:20:in `catch'
web-console (3.7.0) lib/web_console/middleware.rb:20:in `call'
actionpack (5.2.6) lib/action_dispatch/middleware/show_exceptions.rb:33:in `call'
railties (5.2.6) lib/rails/rack/logger.rb:38:in `call_app'
railties (5.2.6) lib/rails/rack/logger.rb:26:in `block in call'
activesupport (5.2.6) lib/active_support/tagged_logging.rb:71:in `block in tagged'
activesupport (5.2.6) lib/active_support/tagged_logging.rb:28:in `tagged'
activesupport (5.2.6) lib/active_support/tagged_logging.rb:71:in `tagged'
railties (5.2.6) lib/rails/rack/logger.rb:26:in `call'
sprockets-rails (3.2.2) lib/sprockets/rails/quiet_assets.rb:13:in `call'
actionpack (5.2.6) lib/action_dispatch/middleware/remote_ip.rb:81:in `call'
actionpack (5.2.6) lib/action_dispatch/middleware/request_id.rb:27:in `call'
rack (2.2.3) lib/rack/method_override.rb:24:in `call'
rack (2.2.3) lib/rack/runtime.rb:22:in `call'
activesupport (5.2.6) lib/active_support/cache/strategy/local_cache_middleware.rb:29:in `call'
actionpack (5.2.6) lib/action_dispatch/middleware/executor.rb:14:in `call'
actionpack (5.2.6) lib/action_dispatch/middleware/static.rb:127:in `call'
rack (2.2.3) lib/rack/sendfile.rb:110:in `call'
railties (5.2.6) lib/rails/engine.rb:524:in `call'
puma (3.12.6) lib/puma/configuration.rb:227:in `call'
puma (3.12.6) lib/puma/server.rb:706:in `handle_request'
puma (3.12.6) lib/puma/server.rb:476:in `process_client'
puma (3.12.6) lib/puma/server.rb:334:in `block in run'
puma (3.12.6) lib/puma/thread_pool.rb:135:in `block in spawn_thread'
Started GET "/books/new" for 127.0.0.1 at 2021-10-21 08:44:53 +1100
Processing by BooksController#new as HTML
  Rendering books/new.html.erb within layouts/application
  Rendered books/_form.html.erb (68.2ms)
  Rendered books/new.html.erb within layouts/application (71.1ms)
Completed 200 OK in 968ms (Views: 949.7ms | ActiveRecord: 1.1ms)


Started GET "/books/new" for 127.0.0.1 at 2021-10-21 08:45:40 +1100
Processing by BooksController#new as HTML
  Rendering books/new.html.erb within layouts/application
  Rendered books/_form.html.erb (7.0ms)
  Rendered books/new.html.erb within layouts/application (9.2ms)
Completed 200 OK in 95ms (Views: 91.7ms | ActiveRecord: 0.0ms)


Started GET "/books/" for 127.0.0.1 at 2021-10-21 08:45:43 +1100
Processing by BooksController#index as HTML
  Rendering books/index.html.erb within layouts/application
  [1m[36mBook Load (0.2ms)[0m  [1m[34mSELECT "books".* FROM "books"[0m
  ↳ app/views/books/index.html.erb:3
  Rendered books/index.html.erb within layouts/application (18.0ms)
Completed 200 OK in 44ms (Views: 41.2ms | ActiveRecord: 0.2ms)


Started GET "/books/" for 127.0.0.1 at 2021-10-21 08:46:17 +1100
Processing by BooksController#index as HTML
  Rendering books/index.html.erb within layouts/application
  [1m[36mBook Load (0.4ms)[0m  [1m[34mSELECT "books".* FROM "books"[0m
  ↳ app/views/books/index.html.erb:3
  Rendered books/index.html.erb within layouts/application (3.1ms)
Completed 200 OK in 83ms (Views: 79.9ms | ActiveRecord: 0.4ms)


  [1m[35m (0.2ms)[0m  [1m[34mSELECT "schema_migrations"."version" FROM "schema_migrations" ORDER BY "schema_migrations"."version" ASC[0m
  ↳ bin/rails:9
Migrating to CreateAuthors (20211020214822)
  [1m[35m (0.1ms)[0m  [1m[36mbegin transaction[0m
  ↳ bin/rails:9
  [1m[35m (0.2ms)[0m  [1m[34mSELECT sqlite_version(*)[0m
  ↳ db/migrate/20211020214822_create_authors.rb:3
  [1m[35m (0.9ms)[0m  [1m[35mCREATE TABLE "authors" ("id" integer PRIMARY KEY AUTOINCREMENT NOT NULL, "author" text, "nationality" text, "dob" date, "genre" text, "image" text, "created_at" datetime NOT NULL, "updated_at" datetime NOT NULL)[0m
  ↳ db/migrate/20211020214822_create_authors.rb:3
  [1m[36mActiveRecord::SchemaMigration Create (0.3ms)[0m  [1m[32mINSERT INTO "schema_migrations" ("version") VALUES (?)[0m  [["version", "20211020214822"]]
  ↳ bin/rails:9
  [1m[35m (1.4ms)[0m  [1m[36mcommit transaction[0m
  ↳ bin/rails:9
  [1m[36mActiveRecord::InternalMetadata Load (0.3ms)[0m  [1m[34mSELECT  "ar_internal_metadata".* FROM "ar_internal_metadata" WHERE "ar_internal_metadata"."key" = ? LIMIT ?[0m  [["key", "environment"], ["LIMIT", 1]]
  ↳ bin/rails:9
  [1m[35m (0.1ms)[0m  [1m[36mbegin transaction[0m
  ↳ bin/rails:9
  [1m[35m (0.1ms)[0m  [1m[36mcommit transaction[0m
  ↳ bin/rails:9
  [1m[35m (0.3ms)[0m  [1m[34mSELECT "schema_migrations"."version" FROM "schema_migrations" ORDER BY "schema_migrations"."version" ASC[0m
  ↳ bin/rails:9
Started GET "/info/rails/routes" for 127.0.0.1 at 2021-10-21 08:54:39 +1100
  [1m[35m (0.3ms)[0m  [1m[34mSELECT "schema_migrations"."version" FROM "schema_migrations" ORDER BY "schema_migrations"."version" ASC[0m
  ↳ /Users/goutham/.rvm/gems/ruby-2.7.4/gems/activerecord-5.2.6/lib/active_record/log_subscriber.rb:98
  
ActionController::RoutingError (No route matches [GET] "/info/rails/routes"):
  
actionpack (5.2.6) lib/action_dispatch/middleware/debug_exceptions.rb:65:in `call'
web-console (3.7.0) lib/web_console/middleware.rb:135:in `call_app'
web-console (3.7.0) lib/web_console/middleware.rb:30:in `block in call'
web-console (3.7.0) lib/web_console/middleware.rb:20:in `catch'
web-console (3.7.0) lib/web_console/middleware.rb:20:in `call'
actionpack (5.2.6) lib/action_dispatch/middleware/show_exceptions.rb:33:in `call'
railties (5.2.6) lib/rails/rack/logger.rb:38:in `call_app'
railties (5.2.6) lib/rails/rack/logger.rb:26:in `block in call'
activesupport (5.2.6) lib/active_support/tagged_logging.rb:71:in `block in tagged'
activesupport (5.2.6) lib/active_support/tagged_logging.rb:28:in `tagged'
activesupport (5.2.6) lib/active_support/tagged_logging.rb:71:in `tagged'
railties (5.2.6) lib/rails/rack/logger.rb:26:in `call'
sprockets-rails (3.2.2) lib/sprockets/rails/quiet_assets.rb:13:in `call'
actionpack (5.2.6) lib/action_dispatch/middleware/remote_ip.rb:81:in `call'
actionpack (5.2.6) lib/action_dispatch/middleware/request_id.rb:27:in `call'
rack (2.2.3) lib/rack/method_override.rb:24:in `call'
rack (2.2.3) lib/rack/runtime.rb:22:in `call'
activesupport (5.2.6) lib/active_support/cache/strategy/local_cache_middleware.rb:29:in `call'
actionpack (5.2.6) lib/action_dispatch/middleware/executor.rb:14:in `call'
actionpack (5.2.6) lib/action_dispatch/middleware/static.rb:127:in `call'
rack (2.2.3) lib/rack/sendfile.rb:110:in `call'
railties (5.2.6) lib/rails/engine.rb:524:in `call'
puma (3.12.6) lib/puma/configuration.rb:227:in `call'
puma (3.12.6) lib/puma/server.rb:706:in `handle_request'
puma (3.12.6) lib/puma/server.rb:476:in `process_client'
puma (3.12.6) lib/puma/server.rb:334:in `block in run'
puma (3.12.6) lib/puma/thread_pool.rb:135:in `block in spawn_thread'
Started GET "/info/rails/routes" for 127.0.0.1 at 2021-10-21 08:55:09 +1100
  
ActionController::RoutingError (No route matches [GET] "/info/rails/routes"):
  
actionpack (5.2.6) lib/action_dispatch/middleware/debug_exceptions.rb:65:in `call'
web-console (3.7.0) lib/web_console/middleware.rb:135:in `call_app'
web-console (3.7.0) lib/web_console/middleware.rb:30:in `block in call'
web-console (3.7.0) lib/web_console/middleware.rb:20:in `catch'
web-console (3.7.0) lib/web_console/middleware.rb:20:in `call'
actionpack (5.2.6) lib/action_dispatch/middleware/show_exceptions.rb:33:in `call'
railties (5.2.6) lib/rails/rack/logger.rb:38:in `call_app'
railties (5.2.6) lib/rails/rack/logger.rb:26:in `block in call'
activesupport (5.2.6) lib/active_support/tagged_logging.rb:71:in `block in tagged'
activesupport (5.2.6) lib/active_support/tagged_logging.rb:28:in `tagged'
activesupport (5.2.6) lib/active_support/tagged_logging.rb:71:in `tagged'
railties (5.2.6) lib/rails/rack/logger.rb:26:in `call'
sprockets-rails (3.2.2) lib/sprockets/rails/quiet_assets.rb:13:in `call'
actionpack (5.2.6) lib/action_dispatch/middleware/remote_ip.rb:81:in `call'
actionpack (5.2.6) lib/action_dispatch/middleware/request_id.rb:27:in `call'
rack (2.2.3) lib/rack/method_override.rb:24:in `call'
rack (2.2.3) lib/rack/runtime.rb:22:in `call'
activesupport (5.2.6) lib/active_support/cache/strategy/local_cache_middleware.rb:29:in `call'
actionpack (5.2.6) lib/action_dispatch/middleware/executor.rb:14:in `call'
actionpack (5.2.6) lib/action_dispatch/middleware/static.rb:127:in `call'
rack (2.2.3) lib/rack/sendfile.rb:110:in `call'
railties (5.2.6) lib/rails/engine.rb:524:in `call'
puma (3.12.6) lib/puma/configuration.rb:227:in `call'
puma (3.12.6) lib/puma/server.rb:706:in `handle_request'
puma (3.12.6) lib/puma/server.rb:476:in `process_client'
puma (3.12.6) lib/puma/server.rb:334:in `block in run'
puma (3.12.6) lib/puma/thread_pool.rb:135:in `block in spawn_thread'
  [1m[35m (0.2ms)[0m  [1m[34mSELECT "schema_migrations"."version" FROM "schema_migrations" ORDER BY "schema_migrations"."version" ASC[0m
  ↳ bin/rails:9
  [1m[36mBook Load (0.3ms)[0m  [1m[34mSELECT "books".* FROM "books"[0m
  ↳ db/seeds.rb:11
  [1m[35m (0.1ms)[0m  [1m[36mbegin transaction[0m
  ↳ db/seeds.rb:11
  [1m[36mBook Destroy (0.5ms)[0m  [1m[31mDELETE FROM "books" WHERE "books"."id" = ?[0m  [["id", 1]]
  ↳ db/seeds.rb:11
  [1m[35m (261.3ms)[0m  [1m[36mcommit transaction[0m
  ↳ db/seeds.rb:11
  [1m[35m (0.1ms)[0m  [1m[36mbegin transaction[0m
  ↳ db/seeds.rb:11
  [1m[36mBook Destroy (16.1ms)[0m  [1m[31mDELETE FROM "books" WHERE "books"."id" = ?[0m  [["id", 2]]
  ↳ db/seeds.rb:11
  [1m[35m (398.2ms)[0m  [1m[36mcommit transaction[0m
  ↳ db/seeds.rb:11
  [1m[35m (0.1ms)[0m  [1m[36mbegin transaction[0m
  ↳ db/seeds.rb:11
  [1m[36mBook Destroy (0.6ms)[0m  [1m[31mDELETE FROM "books" WHERE "books"."id" = ?[0m  [["id", 3]]
  ↳ db/seeds.rb:11
  [1m[35m (424.9ms)[0m  [1m[36mcommit transaction[0m
  ↳ db/seeds.rb:11
  [1m[35m (0.1ms)[0m  [1m[36mbegin transaction[0m
  ↳ db/seeds.rb:13
  [1m[36mBook Create (0.8ms)[0m  [1m[32mINSERT INTO "books" ("title", "published", "genre", "language", "image", "created_at", "updated_at") VALUES (?, ?, ?, ?, ?, ?, ?)[0m  [["title", "Harry Potter and The Philosopher Stone"], ["published", "1997"], ["genre", "fantasy"], ["language", "English"], ["image", "https://vignette3.wikia.nocookie.net/harrypotter/images/7/7b/Harry01english.jpg/revision/latest/scale-to-width-down/333?cb=20150208225304"], ["created_at", "2021-10-20 21:58:26.434333"], ["updated_at", "2021-10-20 21:58:26.434333"]]
  ↳ db/seeds.rb:13
  [1m[35m (133.2ms)[0m  [1m[36mcommit transaction[0m
  ↳ db/seeds.rb:13
  [1m[35m (0.8ms)[0m  [1m[36mbegin transaction[0m
  ↳ db/seeds.rb:22
  [1m[36mBook Create (0.8ms)[0m  [1m[32mINSERT INTO "books" ("title", "published", "genre", "language", "image", "created_at", "updated_at") VALUES (?, ?, ?, ?, ?, ?, ?)[0m  [["title", "Rich Dad Poor Dad"], ["published", "1997"], ["genre", "finance"], ["language", "English"], ["image", "https://encrypted-tbn0.gstatic.com/images?q=tbn:ANd9GcSva0xKR1lixSZ05L81SPz4eLiJOAHFSgUxLg&usqp=CAU"], ["created_at", "2021-10-20 21:58:26.575086"], ["updated_at", "2021-10-20 21:58:26.575086"]]
  ↳ db/seeds.rb:22
  [1m[35m (1.8ms)[0m  [1m[36mcommit transaction[0m
  ↳ db/seeds.rb:22
  [1m[35m (0.1ms)[0m  [1m[36mbegin transaction[0m
  ↳ db/seeds.rb:30
  [1m[36mBook Create (0.7ms)[0m  [1m[32mINSERT INTO "books" ("title", "published", "genre", "language", "image", "created_at", "updated_at") VALUES (?, ?, ?, ?, ?, ?, ?)[0m  [["title", "The client"], ["published", "1993"], ["genre", "legal"], ["language", "English"], ["image", "https://encrypted-tbn0.gstatic.com/images?q=tbn:ANd9GcTr19OE6pB8PwlqIeR4u46tAKrMvn_otOOjEQ&usqp=CAU"], ["created_at", "2021-10-20 21:58:26.582723"], ["updated_at", "2021-10-20 21:58:26.582723"]]
  ↳ db/seeds.rb:30
  [1m[35m (2.2ms)[0m  [1m[36mcommit transaction[0m
  ↳ db/seeds.rb:30
  [1m[35m (0.3ms)[0m  [1m[34mSELECT COUNT(*) FROM "books"[0m
  ↳ db/seeds.rb:39
  [1m[36mAuthor Load (0.3ms)[0m  [1m[34mSELECT "authors".* FROM "authors"[0m
  ↳ db/seeds.rb:42
  [1m[35m (0.2ms)[0m  [1m[34mSELECT "schema_migrations"."version" FROM "schema_migrations" ORDER BY "schema_migrations"."version" ASC[0m
  ↳ bin/rails:9
  [1m[36mAuthor Load (0.3ms)[0m  [1m[34mSELECT "authors".* FROM "authors"[0m
  ↳ db/seeds.rb:8
  [1m[35m (0.6ms)[0m  [1m[34mSELECT "schema_migrations"."version" FROM "schema_migrations" ORDER BY "schema_migrations"."version" ASC[0m
  ↳ bin/rails:9
  [1m[36mAuthor Load (0.5ms)[0m  [1m[34mSELECT "authors".* FROM "authors"[0m
  ↳ db/seeds.rb:8
  [1m[35m (0.2ms)[0m  [1m[34mSELECT "schema_migrations"."version" FROM "schema_migrations" ORDER BY "schema_migrations"."version" ASC[0m
  ↳ bin/rails:9
  [1m[36mAuthor Load (0.2ms)[0m  [1m[34mSELECT "authors".* FROM "authors"[0m
  ↳ db/seeds.rb:17
  [1m[35m (0.1ms)[0m  [1m[36mbegin transaction[0m
  ↳ db/seeds.rb:19
  [1m[36mAuthor Create (1.4ms)[0m  [1m[32mINSERT INTO "authors" ("author", "nationality", "dob", "genre", "image", "created_at", "updated_at") VALUES (?, ?, ?, ?, ?, ?, ?)[0m  [["author", "J K Rowling"], ["nationality", "British"], ["dob", "1965-07-31"], ["genre", "magical"], ["image", "http://shortyawards.com.s3.amazonaws.com/entries/8th/jk_2617100b.jpg"], ["created_at", "2021-10-20 22:25:59.563456"], ["updated_at", "2021-10-20 22:25:59.563456"]]
  ↳ db/seeds.rb:19
  [1m[35m (1.1ms)[0m  [1m[36mcommit transaction[0m
  ↳ db/seeds.rb:19
  [1m[35m (0.1ms)[0m  [1m[36mbegin transaction[0m
  ↳ db/seeds.rb:27
  [1m[36mAuthor Create (0.7ms)[0m  [1m[32mINSERT INTO "authors" ("author", "nationality", "dob", "genre", "image", "created_at", "updated_at") VALUES (?, ?, ?, ?, ?, ?, ?)[0m  [["author", "J R R Tolkien"], ["nationality", "British"], ["dob", "1892-01-03"], ["genre", "fantasy"], ["image", "http://likeateam.com/wp-content/uploads/2014/04/J.R.R.Tolkien-quotes-294x300.jpg"], ["created_at", "2021-10-20 22:25:59.569380"], ["updated_at", "2021-10-20 22:25:59.569380"]]
  ↳ db/seeds.rb:27
  [1m[35m (1.0ms)[0m  [1m[36mcommit transaction[0m
  ↳ db/seeds.rb:27
  [1m[35m (0.1ms)[0m  [1m[36mbegin transaction[0m
  ↳ db/seeds.rb:35
  [1m[36mAuthor Create (0.5ms)[0m  [1m[32mINSERT INTO "authors" ("author", "nationality", "dob", "genre", "image", "created_at", "updated_at") VALUES (?, ?, ?, ?, ?, ?, ?)[0m  [["author", "Paulo Coelho"], ["nationality", "Brazilian"], ["dob", "1947-08-24"], ["genre", "adventure"], ["image", "https://queleerblog.files.wordpress.com/2015/02/paulo-coelho.jpg"], ["created_at", "2021-10-20 22:25:59.574532"], ["updated_at", "2021-10-20 22:25:59.574532"]]
  ↳ db/seeds.rb:35
  [1m[35m (2.1ms)[0m  [1m[36mcommit transaction[0m
  ↳ db/seeds.rb:35
  [1m[35m (0.4ms)[0m  [1m[34mSELECT COUNT(*) FROM "authors"[0m
  ↳ db/seeds.rb:43
  [1m[36mBook Load (8.0ms)[0m  [1m[34mSELECT "books".* FROM "books"[0m
  ↳ db/seeds.rb:47
  [1m[35m (0.1ms)[0m  [1m[36mbegin transaction[0m
  ↳ db/seeds.rb:47
  [1m[36mBook Destroy (2.2ms)[0m  [1m[31mDELETE FROM "books" WHERE "books"."id" = ?[0m  [["id", 4]]
  ↳ db/seeds.rb:47
  [1m[35m (1.6ms)[0m  [1m[36mcommit transaction[0m
  ↳ db/seeds.rb:47
  [1m[35m (0.1ms)[0m  [1m[36mbegin transaction[0m
  ↳ db/seeds.rb:47
  [1m[36mBook Destroy (16.5ms)[0m  [1m[31mDELETE FROM "books" WHERE "books"."id" = ?[0m  [["id", 5]]
  ↳ db/seeds.rb:47
  [1m[35m (1.8ms)[0m  [1m[36mcommit transaction[0m
  ↳ db/seeds.rb:47
  [1m[35m (0.1ms)[0m  [1m[36mbegin transaction[0m
  ↳ db/seeds.rb:47
  [1m[36mBook Destroy (0.6ms)[0m  [1m[31mDELETE FROM "books" WHERE "books"."id" = ?[0m  [["id", 6]]
  ↳ db/seeds.rb:47
  [1m[35m (25.3ms)[0m  [1m[36mcommit transaction[0m
  ↳ db/seeds.rb:47
  [1m[35m (0.1ms)[0m  [1m[36mbegin transaction[0m
  ↳ db/seeds.rb:49
  [1m[36mBook Create (0.7ms)[0m  [1m[32mINSERT INTO "books" ("title", "published", "genre", "language", "image", "created_at", "updated_at") VALUES (?, ?, ?, ?, ?, ?, ?)[0m  [["title", "Harry Potter and The Philosopher Stone"], ["published", "1997"], ["genre", "fantasy"], ["language", "English"], ["image", "https://vignette3.wikia.nocookie.net/harrypotter/images/7/7b/Harry01english.jpg/revision/latest/scale-to-width-down/333?cb=20150208225304"], ["created_at", "2021-10-20 22:25:59.708133"], ["updated_at", "2021-10-20 22:25:59.708133"]]
  ↳ db/seeds.rb:49
  [1m[35m (19.6ms)[0m  [1m[36mcommit transaction[0m
  ↳ db/seeds.rb:49
  [1m[35m (0.1ms)[0m  [1m[36mbegin transaction[0m
  ↳ db/seeds.rb:58
  [1m[36mBook Create (0.9ms)[0m  [1m[32mINSERT INTO "books" ("title", "published", "genre", "language", "image", "created_at", "updated_at") VALUES (?, ?, ?, ?, ?, ?, ?)[0m  [["title", "Rich Dad Poor Dad"], ["published", "1997"], ["genre", "finance"], ["language", "English"], ["image", "https://encrypted-tbn0.gstatic.com/images?q=tbn:ANd9GcSva0xKR1lixSZ05L81SPz4eLiJOAHFSgUxLg&usqp=CAU"], ["created_at", "2021-10-20 22:25:59.736030"], ["updated_at", "2021-10-20 22:25:59.736030"]]
  ↳ db/seeds.rb:58
  [1m[35m (2.4ms)[0m  [1m[36mcommit transaction[0m
  ↳ db/seeds.rb:58
  [1m[35m (0.1ms)[0m  [1m[36mbegin transaction[0m
  ↳ db/seeds.rb:66
  [1m[36mBook Create (11.8ms)[0m  [1m[32mINSERT INTO "books" ("title", "published", "genre", "language", "image", "created_at", "updated_at") VALUES (?, ?, ?, ?, ?, ?, ?)[0m  [["title", "The client"], ["published", "1993"], ["genre", "legal"], ["language", "English"], ["image", "https://encrypted-tbn0.gstatic.com/images?q=tbn:ANd9GcTr19OE6pB8PwlqIeR4u46tAKrMvn_otOOjEQ&usqp=CAU"], ["created_at", "2021-10-20 22:25:59.779060"], ["updated_at", "2021-10-20 22:25:59.779060"]]
  ↳ db/seeds.rb:66
  [1m[35m (3.1ms)[0m  [1m[36mcommit transaction[0m
  ↳ db/seeds.rb:66
  [1m[35m (0.3ms)[0m  [1m[34mSELECT COUNT(*) FROM "books"[0m
  ↳ db/seeds.rb:75
  [1m[35m (0.3ms)[0m  [1m[34mSELECT "schema_migrations"."version" FROM "schema_migrations" ORDER BY "schema_migrations"."version" ASC[0m
  ↳ bin/rails:9
  [1m[36mAuthor Load (0.2ms)[0m  [1m[34mSELECT "authors".* FROM "authors"[0m
  ↳ db/seeds.rb:17
  [1m[35m (0.1ms)[0m  [1m[36mbegin transaction[0m
  ↳ db/seeds.rb:17
  [1m[36mAuthor Destroy (0.5ms)[0m  [1m[31mDELETE FROM "authors" WHERE "authors"."id" = ?[0m  [["id", 1]]
  ↳ db/seeds.rb:17
  [1m[35m (0.9ms)[0m  [1m[36mcommit transaction[0m
  ↳ db/seeds.rb:17
  [1m[35m (0.1ms)[0m  [1m[36mbegin transaction[0m
  ↳ db/seeds.rb:17
  [1m[36mAuthor Destroy (0.5ms)[0m  [1m[31mDELETE FROM "authors" WHERE "authors"."id" = ?[0m  [["id", 2]]
  ↳ db/seeds.rb:17
  [1m[35m (0.9ms)[0m  [1m[36mcommit transaction[0m
  ↳ db/seeds.rb:17
  [1m[35m (0.1ms)[0m  [1m[36mbegin transaction[0m
  ↳ db/seeds.rb:17
  [1m[36mAuthor Destroy (0.5ms)[0m  [1m[31mDELETE FROM "authors" WHERE "authors"."id" = ?[0m  [["id", 3]]
  ↳ db/seeds.rb:17
  [1m[35m (0.9ms)[0m  [1m[36mcommit transaction[0m
  ↳ db/seeds.rb:17
  [1m[35m (0.1ms)[0m  [1m[36mbegin transaction[0m
  ↳ db/seeds.rb:19
  [1m[36mAuthor Create (0.7ms)[0m  [1m[32mINSERT INTO "authors" ("author", "nationality", "dob", "genre", "image", "created_at", "updated_at") VALUES (?, ?, ?, ?, ?, ?, ?)[0m  [["author", "J K Rowling"], ["nationality", "British"], ["dob", "1965-07-31"], ["genre", "magical"], ["image", "http://shortyawards.com.s3.amazonaws.com/entries/8th/jk_2617100b.jpg"], ["created_at", "2021-10-20 22:28:07.267412"], ["updated_at", "2021-10-20 22:28:07.267412"]]
  ↳ db/seeds.rb:19
  [1m[35m (6.2ms)[0m  [1m[36mcommit transaction[0m
  ↳ db/seeds.rb:19
  [1m[35m (0.1ms)[0m  [1m[36mbegin transaction[0m
  ↳ db/seeds.rb:27
  [1m[36mAuthor Create (12.1ms)[0m  [1m[32mINSERT INTO "authors" ("author", "nationality", "dob", "genre", "image", "created_at", "updated_at") VALUES (?, ?, ?, ?, ?, ?, ?)[0m  [["author", "Rober Kiyosaki"], ["nationality", "USA"], ["dob", "1947-08-08"], ["genre", "finance"], ["image", "https://encrypted-tbn0.gstatic.com/images?q=tbn:ANd9GcREiu1_2eWkUJ_7ZshZHqN-EISC4ksMHfPvjA&usqp=CAU"], ["created_at", "2021-10-20 22:28:07.278048"], ["updated_at", "2021-10-20 22:28:07.278048"]]
  ↳ db/seeds.rb:27
  [1m[35m (7.2ms)[0m  [1m[36mcommit transaction[0m
  ↳ db/seeds.rb:27
  [1m[35m (0.2ms)[0m  [1m[36mbegin transaction[0m
  ↳ db/seeds.rb:35
  [1m[36mAuthor Create (13.0ms)[0m  [1m[32mINSERT INTO "authors" ("author", "nationality", "dob", "genre", "image", "created_at", "updated_at") VALUES (?, ?, ?, ?, ?, ?, ?)[0m  [["author", "John Gresham"], ["nationality", "USA"], ["dob", "1947-08-24"], ["genre", "legal"], ["image", "https://media2.fdncms.com/styleweekly/imager/u/original/12096615/news42_grisham.jpg"], ["created_at", "2021-10-20 22:28:07.303591"], ["updated_at", "2021-10-20 22:28:07.303591"]]
  ↳ db/seeds.rb:35
  [1m[35m (1.1ms)[0m  [1m[36mcommit transaction[0m
  ↳ db/seeds.rb:35
  [1m[35m (0.2ms)[0m  [1m[34mSELECT COUNT(*) FROM "authors"[0m
  ↳ db/seeds.rb:43
  [1m[36mBook Load (0.3ms)[0m  [1m[34mSELECT "books".* FROM "books"[0m
  ↳ db/seeds.rb:47
  [1m[35m (0.1ms)[0m  [1m[36mbegin transaction[0m
  ↳ db/seeds.rb:47
  [1m[36mBook Destroy (2.6ms)[0m  [1m[31mDELETE FROM "books" WHERE "books"."id" = ?[0m  [["id", 7]]
  ↳ db/seeds.rb:47
  [1m[35m (4.4ms)[0m  [1m[36mcommit transaction[0m
  ↳ db/seeds.rb:47
  [1m[35m (0.1ms)[0m  [1m[36mbegin transaction[0m
  ↳ db/seeds.rb:47
  [1m[36mBook Destroy (16.7ms)[0m  [1m[31mDELETE FROM "books" WHERE "books"."id" = ?[0m  [["id", 8]]
  ↳ db/seeds.rb:47
  [1m[35m (1.2ms)[0m  [1m[36mcommit transaction[0m
  ↳ db/seeds.rb:47
  [1m[35m (1.4ms)[0m  [1m[36mbegin transaction[0m
  ↳ db/seeds.rb:47
  [1m[36mBook Destroy (6.8ms)[0m  [1m[31mDELETE FROM "books" WHERE "books"."id" = ?[0m  [["id", 9]]
  ↳ db/seeds.rb:47
  [1m[35m (4.3ms)[0m  [1m[36mcommit transaction[0m
  ↳ db/seeds.rb:47
  [1m[35m (0.2ms)[0m  [1m[36mbegin transaction[0m
  ↳ db/seeds.rb:49
  [1m[36mBook Create (0.7ms)[0m  [1m[32mINSERT INTO "books" ("title", "published", "genre", "language", "image", "created_at", "updated_at") VALUES (?, ?, ?, ?, ?, ?, ?)[0m  [["title", "Harry Potter and The Philosopher Stone"], ["published", "1997"], ["genre", "fantasy"], ["language", "English"], ["image", "https://vignette3.wikia.nocookie.net/harrypotter/images/7/7b/Harry01english.jpg/revision/latest/scale-to-width-down/333?cb=20150208225304"], ["created_at", "2021-10-20 22:28:07.512435"], ["updated_at", "2021-10-20 22:28:07.512435"]]
  ↳ db/seeds.rb:49
  [1m[35m (1.1ms)[0m  [1m[36mcommit transaction[0m
  ↳ db/seeds.rb:49
  [1m[35m (0.1ms)[0m  [1m[36mbegin transaction[0m
  ↳ db/seeds.rb:58
  [1m[36mBook Create (1.0ms)[0m  [1m[32mINSERT INTO "books" ("title", "published", "genre", "language", "image", "created_at", "updated_at") VALUES (?, ?, ?, ?, ?, ?, ?)[0m  [["title", "Rich Dad Poor Dad"], ["published", "1997"], ["genre", "finance"], ["language", "English"], ["image", "https://encrypted-tbn0.gstatic.com/images?q=tbn:ANd9GcSva0xKR1lixSZ05L81SPz4eLiJOAHFSgUxLg&usqp=CAU"], ["created_at", "2021-10-20 22:28:07.516788"], ["updated_at", "2021-10-20 22:28:07.516788"]]
  ↳ db/seeds.rb:58
  [1m[35m (3.9ms)[0m  [1m[36mcommit transaction[0m
  ↳ db/seeds.rb:58
  [1m[35m (0.9ms)[0m  [1m[36mbegin transaction[0m
  ↳ db/seeds.rb:66
  [1m[36mBook Create (2.1ms)[0m  [1m[32mINSERT INTO "books" ("title", "published", "genre", "language", "image", "created_at", "updated_at") VALUES (?, ?, ?, ?, ?, ?, ?)[0m  [["title", "The client"], ["published", "1993"], ["genre", "legal"], ["language", "English"], ["image", "https://encrypted-tbn0.gstatic.com/images?q=tbn:ANd9GcTr19OE6pB8PwlqIeR4u46tAKrMvn_otOOjEQ&usqp=CAU"], ["created_at", "2021-10-20 22:28:07.524992"], ["updated_at", "2021-10-20 22:28:07.524992"]]
  ↳ db/seeds.rb:66
  [1m[35m (2.0ms)[0m  [1m[36mcommit transaction[0m
  ↳ db/seeds.rb:66
  [1m[35m (0.2ms)[0m  [1m[34mSELECT COUNT(*) FROM "books"[0m
  ↳ db/seeds.rb:75
Started GET "/books/" for 127.0.0.1 at 2021-10-21 09:33:15 +1100
Processing by BooksController#index as HTML
  Rendering books/index.html.erb within layouts/application
  [1m[36mBook Load (0.4ms)[0m  [1m[34mSELECT "books".* FROM "books"[0m
  ↳ app/views/books/index.html.erb:3
  Rendered books/index.html.erb within layouts/application (32.4ms)
Completed 200 OK in 80ms (Views: 73.5ms | ActiveRecord: 1.5ms)


Started GET "/authors" for 127.0.0.1 at 2021-10-21 09:33:18 +1100
Processing by AuthorsController#index as HTML
  Rendering authors/index.html.erb within layouts/application
  Rendered authors/index.html.erb within layouts/application (3.3ms)
Completed 500 Internal Server Error in 16ms (ActiveRecord: 0.0ms)


  
ActionView::Template::Error (undefined method `each' for nil:NilClass):
    1: <h1>All Authors</h1>
    2: 
    3: <ul>
    4:   <% @all_authors.each do |author| %>
    5:     <li>
    6:       <%= link_to(author.author, "/authors/#{author.id}") %>
    7:     </li>
  
app/views/authors/index.html.erb:4:in `_app_views_authors_index_html_erb__3938523318093591237_22720'
Started GET "/authors" for 127.0.0.1 at 2021-10-21 09:33:57 +1100
Processing by AuthorsController#index as HTML
  Rendering authors/index.html.erb within layouts/application
  Rendered authors/index.html.erb within layouts/application (4.3ms)
Completed 500 Internal Server Error in 11ms (ActiveRecord: 0.0ms)


  
ActionView::Template::Error (undefined method `each' for nil:NilClass):
    1: <h1>All Authors</h1>
    2: 
    3: <ul>
    4:   <% @authors.each do |author| %>
    5:     <li>
    6:       <%= link_to(author.author, "/authors/#{author.id}") %>
    7:     </li>
  
app/views/authors/index.html.erb:4:in `_app_views_authors_index_html_erb__3938523318093591237_23240'
Started GET "/authors" for 127.0.0.1 at 2021-10-21 09:33:59 +1100
Processing by AuthorsController#index as HTML
  Rendering authors/index.html.erb within layouts/application
  Rendered authors/index.html.erb within layouts/application (3.8ms)
Completed 500 Internal Server Error in 10ms (ActiveRecord: 0.0ms)


  
ActionView::Template::Error (undefined method `each' for nil:NilClass):
    1: <h1>All Authors</h1>
    2: 
    3: <ul>
    4:   <% @authors.each do |author| %>
    5:     <li>
    6:       <%= link_to(author.author, "/authors/#{author.id}") %>
    7:     </li>
  
app/views/authors/index.html.erb:4:in `_app_views_authors_index_html_erb__3938523318093591237_23760'
Started GET "/authors" for 127.0.0.1 at 2021-10-21 09:35:03 +1100
Processing by AuthorsController#index as HTML
  Rendering authors/index.html.erb within layouts/application
  Rendered authors/index.html.erb within layouts/application (3.5ms)
Completed 500 Internal Server Error in 10ms (ActiveRecord: 0.0ms)


  
ActionView::Template::Error (undefined method `each' for nil:NilClass):
    1: <h1>All authors</h1>
    2: 
    3: <% @authors.each do |author| %>
    4: <%= image_tag author.image, :class =>'thumb' if author.image.present? %>
    5:   <p>
    6:     <%= link_to( author.title, author ) %>
  
app/views/authors/index.html.erb:3:in `_app_views_authors_index_html_erb__3938523318093591237_24280'
Started GET "/authors" for 127.0.0.1 at 2021-10-21 09:35:21 +1100
Processing by AuthorsController#index as HTML
  Rendering authors/index.html.erb within layouts/application
  [1m[36mAuthor Load (0.2ms)[0m  [1m[34mSELECT "authors".* FROM "authors"[0m
  ↳ app/views/authors/index.html.erb:3
  Rendered authors/index.html.erb within layouts/application (17.3ms)
Completed 500 Internal Server Error in 26ms (ActiveRecord: 1.0ms)


  
ActionView::Template::Error (undefined method `title' for #<Author:0x00007ff656d8b1d0>):
    3: <% @authors.each do |author| %>
    4: <%= image_tag author.image, :class =>'thumb' if author.image.present? %>
    5:   <p>
    6:     <%= link_to( author.title, author ) %>
    7:   </p>
    8:   <ul>
    9: 
  
app/views/authors/index.html.erb:6:in `block in _app_views_authors_index_html_erb__3938523318093591237_27520'
app/views/authors/index.html.erb:3:in `_app_views_authors_index_html_erb__3938523318093591237_27520'
Started GET "/authors" for 127.0.0.1 at 2021-10-21 09:35:58 +1100
Processing by AuthorsController#index as HTML
  Rendering authors/index.html.erb within layouts/application
  [1m[36mAuthor Load (0.3ms)[0m  [1m[34mSELECT "authors".* FROM "authors"[0m
  ↳ app/views/authors/index.html.erb:3
  Rendered authors/index.html.erb within layouts/application (13.4ms)
Completed 500 Internal Server Error in 22ms (ActiveRecord: 0.3ms)


  
ActionView::Template::Error (undefined method `published' for #<Author:0x00007ff65b247e18>
Did you mean?  public_send):
     5:   
     6:   <ul>
     7: 
     8:     <li>Published: <%= author.published %></li>
     9:     <li>Genre: <%= author.genre %></li>
    10:     <li>Language: <%= author.language %></li>
    11:   </ul>
  
app/views/authors/index.html.erb:8:in `block in _app_views_authors_index_html_erb__3938523318093591237_28040'
app/views/authors/index.html.erb:3:in `_app_views_authors_index_html_erb__3938523318093591237_28040'
Started GET "/authors" for 127.0.0.1 at 2021-10-21 09:36:13 +1100
Processing by AuthorsController#index as HTML
  Rendering authors/index.html.erb within layouts/application
  [1m[36mAuthor Load (0.3ms)[0m  [1m[34mSELECT "authors".* FROM "authors"[0m
  ↳ app/views/authors/index.html.erb:3
  Rendered authors/index.html.erb within layouts/application (10.8ms)
Completed 500 Internal Server Error in 18ms (ActiveRecord: 0.3ms)


  
ActionView::Template::Error (undefined method `language' for #<Author:0x00007ff65b42da70>):
     7: 
     8:     
     9:     <li>Genre: <%= author.genre %></li>
    10:     <li>Language: <%= author.language %></li>
    11:   </ul>
    12: <% end %>
  
app/views/authors/index.html.erb:10:in `block in _app_views_authors_index_html_erb__3938523318093591237_28560'
app/views/authors/index.html.erb:3:in `_app_views_authors_index_html_erb__3938523318093591237_28560'
Started GET "/authors" for 127.0.0.1 at 2021-10-21 09:36:22 +1100
Processing by AuthorsController#index as HTML
  Rendering authors/index.html.erb within layouts/application
  [1m[36mAuthor Load (0.5ms)[0m  [1m[34mSELECT "authors".* FROM "authors"[0m
  ↳ app/views/authors/index.html.erb:3
  Rendered authors/index.html.erb within layouts/application (4.1ms)
Completed 200 OK in 29ms (Views: 25.3ms | ActiveRecord: 0.5ms)


Started GET "/authors/new" for 127.0.0.1 at 2021-10-21 09:36:31 +1100
Processing by AuthorsController#new as HTML
  Rendering authors/new.html.erb within layouts/application
  Rendered authors/_form.html.erb (16.8ms)
  Rendered authors/new.html.erb within layouts/application (18.4ms)
Completed 200 OK in 47ms (Views: 44.6ms | ActiveRecord: 0.0ms)


Started POST "/authors" for 127.0.0.1 at 2021-10-21 09:37:57 +1100
Processing by AuthorsController#create as HTML
  Parameters: {"utf8"=>"✓", "authenticity_token"=>"1N4Sz12ro0bYnD1wnN9pnukmbkCkAUTbIrB3h/xkanZhiBqv33Zij8N3zn+Yn/S09XTDj7HZfzipZ45hDcSJ6w==", "author"=>{"author"=>"rainbow", "nationality"=>"bermuda", "dob"=>"1991-09-21", "genre"=>"crime", "image"=>"https://encrypted-tbn0.gstatic.com/images?q=tbn:ANd9GcQXCkaVVA2J0yZMJmoO46YkPpE9wSH7m18owQ&usqp=CAU"}, "commit"=>"Create author"}
  [1m[35m (0.1ms)[0m  [1m[36mbegin transaction[0m
  ↳ app/controllers/authors_controller.rb:15
  [1m[36mAuthor Create (1.0ms)[0m  [1m[32mINSERT INTO "authors" ("author", "nationality", "dob", "genre", "image", "created_at", "updated_at") VALUES (?, ?, ?, ?, ?, ?, ?)[0m  [["author", "rainbow"], ["nationality", "bermuda"], ["dob", "1991-09-21"], ["genre", "crime"], ["image", "https://encrypted-tbn0.gstatic.com/images?q=tbn:ANd9GcQXCkaVVA2J0yZMJmoO46YkPpE9wSH7m18owQ&usqp=CAU"], ["created_at", "2021-10-20 22:37:57.235217"], ["updated_at", "2021-10-20 22:37:57.235217"]]
  ↳ app/controllers/authors_controller.rb:15
  [1m[35m (2.2ms)[0m  [1m[36mcommit transaction[0m
  ↳ app/controllers/authors_controller.rb:15
Redirected to http://localhost:3000/authors/7
Completed 302 Found in 9ms (ActiveRecord: 3.3ms)


Started GET "/authors/7" for 127.0.0.1 at 2021-10-21 09:37:57 +1100
Processing by AuthorsController#show as HTML
  Parameters: {"id"=>"7"}
  [1m[36mAuthor Load (0.8ms)[0m  [1m[34mSELECT  "authors".* FROM "authors" WHERE "authors"."id" = ? LIMIT ?[0m  [["id", 7], ["LIMIT", 1]]
  ↳ app/controllers/authors_controller.rb:7
  Rendering authors/show.html.erb within layouts/application
  Rendered authors/show.html.erb within layouts/application (1.3ms)
Completed 200 OK in 172ms (Views: 33.4ms | ActiveRecord: 0.8ms)


Started GET "/books" for 127.0.0.1 at 2021-10-21 09:38:32 +1100
Processing by BooksController#index as HTML
  Rendering books/index.html.erb within layouts/application
  [1m[36mBook Load (0.6ms)[0m  [1m[34mSELECT "books".* FROM "books"[0m
  ↳ app/views/books/index.html.erb:3
  Rendered books/index.html.erb within layouts/application (14.7ms)
Completed 200 OK in 37ms (Views: 30.2ms | ActiveRecord: 2.3ms)


Started GET "/authors" for 127.0.0.1 at 2021-10-21 09:38:57 +1100
Processing by AuthorsController#index as HTML
  Rendering authors/index.html.erb within layouts/application
  [1m[36mAuthor Load (0.7ms)[0m  [1m[34mSELECT "authors".* FROM "authors"[0m
  ↳ app/views/authors/index.html.erb:3
  Rendered authors/index.html.erb within layouts/application (3.3ms)
Completed 200 OK in 33ms (Views: 30.9ms | ActiveRecord: 0.7ms)


Started GET "/authors/new" for 127.0.0.1 at 2021-10-21 09:38:58 +1100
Processing by AuthorsController#new as HTML
  Rendering authors/new.html.erb within layouts/application
  Rendered authors/_form.html.erb (5.4ms)
  Rendered authors/new.html.erb within layouts/application (7.5ms)
Completed 200 OK in 43ms (Views: 40.8ms | ActiveRecord: 0.0ms)


Started GET "/authors" for 127.0.0.1 at 2021-10-21 09:39:00 +1100
Processing by AuthorsController#index as HTML
  Rendering authors/index.html.erb within layouts/application
  [1m[36mAuthor Load (0.3ms)[0m  [1m[34mSELECT "authors".* FROM "authors"[0m
  ↳ app/views/authors/index.html.erb:3
  Rendered authors/index.html.erb within layouts/application (3.4ms)
Completed 200 OK in 32ms (Views: 29.4ms | ActiveRecord: 0.3ms)


Started GET "/books/new" for 127.0.0.1 at 2021-10-21 09:39:01 +1100
Processing by BooksController#new as HTML
  Rendering books/new.html.erb within layouts/application
  Rendered books/_form.html.erb (6.6ms)
  Rendered books/new.html.erb within layouts/application (9.5ms)
Completed 200 OK in 36ms (Views: 33.3ms | ActiveRecord: 0.0ms)


Started GET "/books" for 127.0.0.1 at 2021-10-21 09:39:02 +1100
Processing by BooksController#index as HTML
  Rendering books/index.html.erb within layouts/application
  [1m[36mBook Load (0.2ms)[0m  [1m[34mSELECT "books".* FROM "books"[0m
  ↳ app/views/books/index.html.erb:3
  Rendered books/index.html.erb within layouts/application (3.2ms)
Completed 200 OK in 39ms (Views: 35.6ms | ActiveRecord: 0.2ms)


